-------------------------------------------------------------------------------
>Log Session: Monday, March 21, 2022 10:53:46 AM CET
>System Info: 
  Product Version         = Apache NetBeans Platform Dev (Build 11.2-d04fb24027334c4b6fd8397b5d0cdd33187a8f54)
  Operating System        = Linux version 5.13.0-35-generic running on amd64
  Java; VM; Vendor        = 1.8.0_312; OpenJDK 64-Bit Server VM 25.312-b07; Private Build
  Runtime                 = OpenJDK Runtime Environment 1.8.0_312-8u312-b07-0ubuntu1~20.04-b07
  Java Home               = /usr/lib/jvm/java-8-openjdk-amd64/jre
  System Locale; Encoding = en_US (javashootersandbox); UTF-8
  Home Directory          = /home/mathias
  Current Directory       = /home/mathias/Desktop/ModuleSandbox/JavaShooterSandbox/application
  User Directory          = /home/mathias/Desktop/ModuleSandbox/JavaShooterSandbox/application/target/userdir
  Cache Directory         = /home/mathias/Desktop/ModuleSandbox/JavaShooterSandbox/application/target/userdir/var/cache
  Installation            = /home/mathias/Desktop/ModuleSandbox/JavaShooterSandbox/application/target/javashootersandbox/javashootersandbox
                            /home/mathias/Desktop/ModuleSandbox/JavaShooterSandbox/application/target/javashootersandbox/platform
                            /home/mathias/Desktop/ModuleSandbox/JavaShooterSandbox/application/target/javashootersandbox/platform
  Boot & Ext. Classpath   = /usr/lib/jvm/java-8-openjdk-amd64/jre/lib/resources.jar:/usr/lib/jvm/java-8-openjdk-amd64/jre/lib/rt.jar:/usr/lib/jvm/java-8-openjdk-amd64/jre/lib/sunrsasign.jar:/usr/lib/jvm/java-8-openjdk-amd64/jre/lib/jsse.jar:/usr/lib/jvm/java-8-openjdk-amd64/jre/lib/jce.jar:/usr/lib/jvm/java-8-openjdk-amd64/jre/lib/charsets.jar:/usr/lib/jvm/java-8-openjdk-amd64/jre/lib/jfr.jar:/usr/lib/jvm/java-8-openjdk-amd64/jre/classes:/usr/lib/jvm/java-8-openjdk-amd64/jre/lib/ext/dnsns.jar:/usr/lib/jvm/java-8-openjdk-amd64/jre/lib/ext/sunec.jar:/usr/lib/jvm/java-8-openjdk-amd64/jre/lib/ext/sunjce_provider.jar:/usr/lib/jvm/java-8-openjdk-amd64/jre/lib/ext/jaccess.jar:/usr/lib/jvm/java-8-openjdk-amd64/jre/lib/ext/sunpkcs11.jar:/usr/lib/jvm/java-8-openjdk-amd64/jre/lib/ext/cldrdata.jar:/usr/lib/jvm/java-8-openjdk-amd64/jre/lib/ext/java-atk-wrapper.jar:/usr/lib/jvm/java-8-openjdk-amd64/jre/lib/ext/nashorn.jar:/usr/lib/jvm/java-8-openjdk-amd64/jre/lib/ext/zipfs.jar:/usr/lib/jvm/java-8-openjdk-amd64/jre/lib/ext/localedata.jar:/usr/lib/jvm/java-8-openjdk-amd64/jre/lib/ext/icedtea-sound.jar
  Application Classpath   = /home/mathias/Desktop/ModuleSandbox/JavaShooterSandbox/application/target/javashootersandbox/platform/lib/boot.jar:/home/mathias/Desktop/ModuleSandbox/JavaShooterSandbox/application/target/javashootersandbox/platform/lib/org-openide-modules.jar:/home/mathias/Desktop/ModuleSandbox/JavaShooterSandbox/application/target/javashootersandbox/platform/lib/org-openide-util.jar:/home/mathias/Desktop/ModuleSandbox/JavaShooterSandbox/application/target/javashootersandbox/platform/lib/org-openide-util-lookup.jar:/home/mathias/Desktop/ModuleSandbox/JavaShooterSandbox/application/target/javashootersandbox/platform/lib/org-openide-util-ui.jar:/usr/lib/jvm/java-1.8.0-openjdk-amd64/lib/dt.jar:/usr/lib/jvm/java-1.8.0-openjdk-amd64/lib/tools.jar
  Startup Classpath       = /home/mathias/Desktop/ModuleSandbox/JavaShooterSandbox/application/target/javashootersandbox/platform/core/asm-all-5.0.1.jar:/home/mathias/Desktop/ModuleSandbox/JavaShooterSandbox/application/target/javashootersandbox/platform/core/org-netbeans-libs-asm.jar:/home/mathias/Desktop/ModuleSandbox/JavaShooterSandbox/application/target/javashootersandbox/platform/core/org-openide-filesystems.jar:/home/mathias/Desktop/ModuleSandbox/JavaShooterSandbox/application/target/javashootersandbox/platform/core/core.jar:/home/mathias/Desktop/ModuleSandbox/JavaShooterSandbox/application/target/javashootersandbox/platform/core/core-base.jar
-------------------------------------------------------------------------------
INFO [org.netbeans.core.startup.NbEvents]: Turning on modules:
	org.openide.util.lookup [8.39 11.2-d04fb24027334c4b6fd8397b5d0cdd33187a8f54]
	org.openide.util [9.13 11.2-d04fb24027334c4b6fd8397b5d0cdd33187a8f54]
	org.openide.util.ui [9.14 11.2-d04fb24027334c4b6fd8397b5d0cdd33187a8f54]
	org.openide.modules [7.54 11.2-d04fb24027334c4b6fd8397b5d0cdd33187a8f54]
	org.openide.filesystems [9.16 11.2-d04fb24027334c4b6fd8397b5d0cdd33187a8f54]
	org.netbeans.libs.asm [5.9 11.2-d04fb24027334c4b6fd8397b5d0cdd33187a8f54]
	org.netbeans.core.startup.base [1.68.0.1 1 11.2-d04fb24027334c4b6fd8397b5d0cdd33187a8f54]
	org.netbeans.bootstrap/1 [2.84 11.2-d04fb24027334c4b6fd8397b5d0cdd33187a8f54]
	org.netbeans.core.startup/1 [1.68.0.1 11.2-d04fb24027334c4b6fd8397b5d0cdd33187a8f54]
	org.netbeans.api.annotations.common/1 [1.33 11.2-d04fb24027334c4b6fd8397b5d0cdd33187a8f54]
	org.example.Services [1.0 1.0-20220321 202203210952]
	org.example.Player [1.0 1.0-20220321 202203210952]
	org.example.Enemy [1.0 1.0-20220321 202203210952]
	org.example.Collision [1.0 1.0-20220321 202203210952]
	org.example.Client [1.0 1.0-20220321 202203210952]
